[debug] [2023-09-20T15:55:24.952Z] ----------------------------------------------------------------------
[debug] [2023-09-20T15:55:24.955Z] Command:       C:\Program Files\nodejs\node.exe C:\Users\dsher\AppData\Roaming\npm\node_modules\firebase-tools\lib\bin\firebase.js init
[debug] [2023-09-20T15:55:24.955Z] CLI Version:   12.5.4
[debug] [2023-09-20T15:55:24.955Z] Platform:      win32
[debug] [2023-09-20T15:55:24.955Z] Node Version:  v20.1.0
[debug] [2023-09-20T15:55:24.956Z] Time:          Wed Sep 20 2023 21:55:24 GMT+0600 (Восточный Казахстан)
[debug] [2023-09-20T15:55:24.956Z] ----------------------------------------------------------------------
[debug] 
[debug] [2023-09-20T15:55:24.959Z] >>> [apiv2][query] GET https://firebase-public.firebaseio.com/cli.json [none]
[debug] [2023-09-20T15:55:24.990Z] > command requires scopes: ["email","openid","https://www.googleapis.com/auth/cloudplatformprojects.readonly","https://www.googleapis.com/auth/firebase","https://www.googleapis.com/auth/cloud-platform"]
[debug] [2023-09-20T15:55:24.990Z] > authorizing via signed-in user (d.sherubayeva@gmail.com)
[info] 
     ######## #### ########  ######## ########     ###     ######  ########
     ##        ##  ##     ## ##       ##     ##  ##   ##  ##       ##
     ######    ##  ########  ######   ########  #########  ######  ######
     ##        ##  ##    ##  ##       ##     ## ##     ##       ## ##
     ##       #### ##     ## ######## ########  ##     ##  ######  ########

You're about to initialize a Firebase project in this directory:

  C:\Users\dsher\Downloads\mpwpd — копия

[debug] [2023-09-20T15:55:25.508Z] <<< [apiv2][status] GET https://firebase-public.firebaseio.com/cli.json 200
[debug] [2023-09-20T15:55:25.509Z] <<< [apiv2][body] GET https://firebase-public.firebaseio.com/cli.json {"cloudBuildErrorAfter":1594252800000,"cloudBuildWarnAfter":1590019200000,"defaultNode10After":1594252800000,"minVersion":"3.0.5","node8DeploysDisabledAfter":1613390400000,"node8RuntimeDisabledAfter":1615809600000,"node8WarnAfter":1600128000000}
[info] 
=== Project Setup
[info] 
[info] First, let's associate this project directory with a Firebase project.
[info] You can create multiple project aliases by running firebase use --add, 
[info] but for now we'll just set up a default project.
[info] 
[debug] [2023-09-20T15:56:00.069Z] > refreshing access token with scopes: []
[debug] [2023-09-20T15:56:00.070Z] >>> [apiv2][query] POST https://www.googleapis.com/oauth2/v3/token [none]
[debug] [2023-09-20T15:56:00.070Z] >>> [apiv2][body] POST https://www.googleapis.com/oauth2/v3/token [omitted]
[debug] [2023-09-20T15:56:00.512Z] <<< [apiv2][status] POST https://www.googleapis.com/oauth2/v3/token 200
[debug] [2023-09-20T15:56:00.512Z] <<< [apiv2][body] POST https://www.googleapis.com/oauth2/v3/token [omitted]
[debug] [2023-09-20T15:56:00.528Z] >>> [apiv2][query] GET https://firebase.googleapis.com/v1beta1/projects pageSize=100
[debug] [2023-09-20T15:56:01.507Z] <<< [apiv2][status] GET https://firebase.googleapis.com/v1beta1/projects 200
[debug] [2023-09-20T15:56:01.507Z] <<< [apiv2][body] GET https://firebase.googleapis.com/v1beta1/projects [omitted]
[info] i  Using project vue-proj-a5b1d (vue-proj) 
[info] 
=== Database Setup
[info] i  database: ensuring required API firebasedatabase.googleapis.com is enabled... 
[debug] [2023-09-20T15:56:04.677Z] >>> [apiv2][query] GET https://serviceusage.googleapis.com/v1/projects/vue-proj-a5b1d/services/firebasedatabase.googleapis.com [none]
[debug] [2023-09-20T15:56:04.678Z] >>> [apiv2][(partial)header] GET https://serviceusage.googleapis.com/v1/projects/vue-proj-a5b1d/services/firebasedatabase.googleapis.com x-goog-quota-user=projects/vue-proj-a5b1d
[debug] [2023-09-20T15:56:06.096Z] <<< [apiv2][status] GET https://serviceusage.googleapis.com/v1/projects/vue-proj-a5b1d/services/firebasedatabase.googleapis.com 200
[debug] [2023-09-20T15:56:06.096Z] <<< [apiv2][body] GET https://serviceusage.googleapis.com/v1/projects/vue-proj-a5b1d/services/firebasedatabase.googleapis.com [omitted]
[warn] !  database: missing required API firebasedatabase.googleapis.com. Enabling now... 
[debug] [2023-09-20T15:56:06.097Z] >>> [apiv2][query] POST https://serviceusage.googleapis.com/v1/projects/vue-proj-a5b1d/services/firebasedatabase.googleapis.com:enable [none]
[debug] [2023-09-20T15:56:06.097Z] >>> [apiv2][(partial)header] POST https://serviceusage.googleapis.com/v1/projects/vue-proj-a5b1d/services/firebasedatabase.googleapis.com:enable x-goog-quota-user=projects/vue-proj-a5b1d
[debug] [2023-09-20T15:56:07.800Z] <<< [apiv2][status] POST https://serviceusage.googleapis.com/v1/projects/vue-proj-a5b1d/services/firebasedatabase.googleapis.com:enable 200
[debug] [2023-09-20T15:56:07.800Z] <<< [apiv2][body] POST https://serviceusage.googleapis.com/v1/projects/vue-proj-a5b1d/services/firebasedatabase.googleapis.com:enable [omitted]
[debug] [2023-09-20T15:56:17.813Z] >>> [apiv2][query] GET https://serviceusage.googleapis.com/v1/projects/vue-proj-a5b1d/services/firebasedatabase.googleapis.com [none]
[debug] [2023-09-20T15:56:17.813Z] >>> [apiv2][(partial)header] GET https://serviceusage.googleapis.com/v1/projects/vue-proj-a5b1d/services/firebasedatabase.googleapis.com x-goog-quota-user=projects/vue-proj-a5b1d
[debug] [2023-09-20T15:56:19.094Z] <<< [apiv2][status] GET https://serviceusage.googleapis.com/v1/projects/vue-proj-a5b1d/services/firebasedatabase.googleapis.com 200
[debug] [2023-09-20T15:56:19.094Z] <<< [apiv2][body] GET https://serviceusage.googleapis.com/v1/projects/vue-proj-a5b1d/services/firebasedatabase.googleapis.com [omitted]
[info] +  database: required API firebasedatabase.googleapis.com is enabled 
[info] 
[debug] [2023-09-20T15:56:19.098Z] >>> [apiv2][query] GET https://firebase.googleapis.com/v1beta1/projects/vue-proj-a5b1d [none]
[debug] [2023-09-20T15:56:19.722Z] <<< [apiv2][status] GET https://firebase.googleapis.com/v1beta1/projects/vue-proj-a5b1d 200
[debug] [2023-09-20T15:56:19.722Z] <<< [apiv2][body] GET https://firebase.googleapis.com/v1beta1/projects/vue-proj-a5b1d {"projectId":"vue-proj-a5b1d","projectNumber":"486253531102","displayName":"vue-proj","name":"projects/vue-proj-a5b1d","resources":{"hostingSite":"vue-proj-a5b1d"},"state":"ACTIVE","etag":"1_f6d13a2b-011d-4cd5-a6c5-548ca0558275"}
